\BOOKMARK [0][-]{chapter.1}{Tng quan v\340 m\364 ta nghip vu}{}% 1
\BOOKMARK [0][-]{chapter.2}{Lc \040ERD}{}% 2
\BOOKMARK [0][-]{chapter.3}{S \040Use case}{}% 3
\BOOKMARK [1][-]{section.3.1}{\320c ta Use case}{chapter.3}% 4
\BOOKMARK [2][-]{subsection.3.1.1}{Trang th\341i n h\340ng}{section.3.1}% 5
\BOOKMARK [2][-]{subsection.3.1.2}{Ngi gi}{section.3.1}% 6
\BOOKMARK [2][-]{subsection.3.1.3}{Ngi nhn}{section.3.1}% 7
\BOOKMARK [2][-]{subsection.3.1.4}{T\340i x ni tinh i ly}{section.3.1}% 8
\BOOKMARK [2][-]{subsection.3.1.5}{T\340i x ni tinh i giao}{section.3.1}% 9
\BOOKMARK [2][-]{subsection.3.1.6}{T\340i x li\352n tinh}{section.3.1}% 10
\BOOKMARK [2][-]{subsection.3.1.7}{H\352 thng ph\342n phi}{section.3.1}% 11
\BOOKMARK [2][-]{subsection.3.1.8}{Quan l\355}{section.3.1}% 12
\BOOKMARK [2][-]{subsection.3.1.9}{Thu kho}{section.3.1}% 13
\BOOKMARK [2][-]{subsection.3.1.10}{H thng th\364ng b\341o}{section.3.1}% 14
\BOOKMARK [0][-]{chapter.4}{C\364ng ngh s dung}{}% 15
\BOOKMARK [1][-]{section.4.1}{Front-end}{chapter.4}% 16
\BOOKMARK [2][-]{subsection.4.1.1}{SPA}{section.4.1}% 17
\BOOKMARK [2][-]{subsection.4.1.2}{ReactJS}{section.4.1}% 18
\BOOKMARK [2][-]{subsection.4.1.3}{Continuous integration / Continuous deployment \(CI/CD\)}{section.4.1}% 19
\BOOKMARK [2][-]{subsection.4.1.4}{Nhng th vin ni bt gi\372p hin thc chc nang h thng}{section.4.1}% 20
\BOOKMARK [2][-]{subsection.4.1.5}{Gi\341m s\341t li h thng bng dich vu Sentry}{section.4.1}% 21
\BOOKMARK [1][-]{section.4.2}{Back-end}{chapter.4}% 22
\BOOKMARK [2][-]{subsection.4.2.1}{Gii thiu kin tr\372c Microservices}{section.4.2}% 23
\BOOKMARK [2][-]{subsection.4.2.2}{Kin tr\372c Microservicces}{section.4.2}% 24
\BOOKMARK [2][-]{subsection.4.2.3}{C\364ng ngh tng quan}{section.4.2}% 25
\BOOKMARK [2][-]{subsection.4.2.4}{Kin tr\372c RESTful API}{section.4.2}% 26
\BOOKMARK [2][-]{subsection.4.2.5}{C\364ng ngh gRPC}{section.4.2}% 27
\BOOKMARK [2][-]{subsection.4.2.6}{MySQL}{section.4.2}% 28
\BOOKMARK [2][-]{subsection.4.2.7}{Cassandra}{section.4.2}% 29
\BOOKMARK [2][-]{subsection.4.2.8}{Redis}{section.4.2}% 30
\BOOKMARK [2][-]{subsection.4.2.9}{ActiveMQ}{section.4.2}% 31
\BOOKMARK [2][-]{subsection.4.2.10}{Kafka}{section.4.2}% 32
\BOOKMARK [0][-]{chapter.5}{Kim th h thng}{}% 33
\BOOKMARK [1][-]{section.5.1}{Kim th API}{chapter.5}% 34
\BOOKMARK [1][-]{section.5.2}{Kim th chc nang}{chapter.5}% 35
\BOOKMARK [1][-]{section.5.3}{Kim th phi chc nang}{chapter.5}% 36
\BOOKMARK [0][-]{chapter.6}{Kt qua hin thc}{}% 37
\BOOKMARK [1][-]{section.6.1}{Chc nang ang nhp, ang k\355}{chapter.6}% 38
\BOOKMARK [2][-]{subsection.6.1.1}{\320ang k\355}{section.6.1}% 39
\BOOKMARK [2][-]{subsection.6.1.2}{\320ang nhp}{section.6.1}% 40
\BOOKMARK [1][-]{section.6.2}{Chc nang d\340nh cho ngi gi}{chapter.6}% 41
\BOOKMARK [2][-]{subsection.6.2.1}{L\352n y\352u cu gi h\340ng}{section.6.2}% 42
\BOOKMARK [2][-]{subsection.6.2.2}{Xem danh s\341ch y\352u cu \343 tao}{section.6.2}% 43
\BOOKMARK [2][-]{subsection.6.2.3}{Xem danh s\341ch c\341c n h\340ng nho c t\341ch t y\352u cu}{section.6.2}% 44
\BOOKMARK [2][-]{subsection.6.2.4}{Chinh sa th\364ng tin cua ngi gi}{section.6.2}% 45
\BOOKMARK [1][-]{section.6.3}{Chc nang d\340nh cho t\340i x}{chapter.6}% 46
\BOOKMARK [2][-]{subsection.6.3.1}{T\354m nhng y\352u cu c g\341n}{section.6.3}% 47
\BOOKMARK [2][-]{subsection.6.3.2}{Xem th\364ng tin n h\340ng ang n ly}{section.6.3}% 48
\BOOKMARK [2][-]{subsection.6.3.3}{Xem th\364ng tin c\341c n h\340ng ang \040trong xe}{section.6.3}% 49
\BOOKMARK [2][-]{subsection.6.3.4}{Xem lich s giao nhn h\340ng}{section.6.3}% 50
\BOOKMARK [1][-]{section.6.4}{Chc nang d\340nh cho thu kho}{chapter.6}% 51
